========================================
[2026-05-18 16:00:06] 采集任务开始
========================================
/Users/pengaro/miniforge3/lib/python3.12/site-packages/requests/__init__.py:113: RequestsDependencyWarning: urllib3 (2.6.3) or chardet (7.4.3)/charset_normalizer (3.4.2) doesn't match a supported version!
  warnings.warn(
============================================================
🌟 小红书爆款笔记采集器 启动
============================================================

📋 待采集关键词: 10 个
📅 日期: 2026-05-18
🔢 每关键词最多采集: 5 条
------------------------------------------------------------

[1/10] 🏷️  关键词: 鲜花定制
----------------------------------------
  🔍 搜索关键词: 鲜花定制 (排序=2, 时间范围=2)
  [错误] 请求失败: 401 Client Error: Unauthorized for url: https://api.coze.cn/v1/workflow/run
  ⚠️ 未找到笔记，跳过

[2/10] 🏷️  关键词: 鲜花花束
----------------------------------------
  🔍 搜索关键词: 鲜花花束 (排序=2, 时间范围=2)
  [错误] 请求失败: 401 Client Error: Unauthorized for url: https://api.coze.cn/v1/workflow/run
  ⚠️ 未找到笔记，跳过

[3/10] 🏷️  关键词: 花盒设计
----------------------------------------
  🔍 搜索关键词: 花盒设计 (排序=2, 时间范围=2)
  [错误] 请求失败: 401 Client Error: Unauthorized for url: https://api.coze.cn/v1/workflow/run
  ⚠️ 未找到笔记，跳过

[4/10] 🏷️  关键词: 永生花礼盒
----------------------------------------
  🔍 搜索关键词: 永生花礼盒 (排序=2, 时间范围=2)
  [错误] 请求失败: 401 Client Error: Unauthorized for url: https://api.coze.cn/v1/workflow/run
  ⚠️ 未找到笔记，跳过

[5/10] 🏷️  关键词: 婚礼花艺
----------------------------------------
  🔍 搜索关键词: 婚礼花艺 (排序=2, 时间范围=2)
  [错误] 请求失败: 401 Client Error: Unauthorized for url: https://api.coze.cn/v1/workflow/run
  ⚠️ 未找到笔记，跳过

[6/10] 🏷️  关键词: 开业花篮
----------------------------------------
  🔍 搜索关键词: 开业花篮 (排序=2, 时间范围=2)
  [错误] 请求失败: 401 Client Error: Unauthorized for url: https://api.coze.cn/v1/workflow/run
  ⚠️ 未找到笔记，跳过

[7/10] 🏷️  关键词: 节日送花
----------------------------------------
  🔍 搜索关键词: 节日送花 (排序=2, 时间范围=2)
  [错误] 请求失败: 401 Client Error: Unauthorized for url: https://api.coze.cn/v1/workflow/run
  ⚠️ 未找到笔记，跳过

[8/10] 🏷️  关键词: ins风花束
----------------------------------------
  🔍 搜索关键词: ins风花束 (排序=2, 时间范围=2)
  [错误] 请求失败: 401 Client Error: Unauthorized for url: https://api.coze.cn/v1/workflow/run
  ⚠️ 未找到笔记，跳过

[9/10] 🏷️  关键词: 高级感插花
----------------------------------------
  🔍 搜索关键词: 高级感插花 (排序=2, 时间范围=2)
  [错误] 请求失败: 401 Client Error: Unauthorized for url: https://api.coze.cn/v1/workflow/run
  ⚠️ 未找到笔记，跳过

[10/10] 🏷️  关键词: 鲜花搭配教程
----------------------------------------
  🔍 搜索关键词: 鲜花搭配教程 (排序=2, 时间范围=2)
  [错误] 请求失败: 401 Client Error: Unauthorized for url: https://api.coze.cn/v1/workflow/run
  ⚠️ 未找到笔记，跳过

============================================================
✅ 采集完成！
📂 文件保存目录: /Users/pengaro/Documents/work/dsnotes/01-内容生产/爆款参考库
============================================================

[2026-05-18 16:00:08] ✅ 采集任务完成 (退出码: 0)
========================================

========================================
[2026-05-18 16:04:10] 采集任务开始
========================================
/Users/pengaro/miniforge3/lib/python3.12/site-packages/requests/__init__.py:113: RequestsDependencyWarning: urllib3 (2.6.3) or chardet (7.4.3)/charset_normalizer (3.4.2) doesn't match a supported version!
  warnings.warn(
============================================================
🌟 小红书爆款笔记采集器 启动
============================================================

📋 待采集关键词: 10 个
📅 日期: 2026-05-18
🔢 每关键词最多采集: 5 条
------------------------------------------------------------

[1/10] 🏷️  关键词: 鲜花定制
----------------------------------------
  🔍 搜索关键词: 鲜花定制 (排序=2, 时间范围=2)
  [错误] 请求失败: 401 Client Error: Unauthorized for url: https://api.coze.cn/v1/workflow/run
  ⚠️ 未找到笔记，跳过

[2/10] 🏷️  关键词: 鲜花花束
----------------------------------------
  🔍 搜索关键词: 鲜花花束 (排序=2, 时间范围=2)
  [错误] 请求失败: 401 Client Error: Unauthorized for url: https://api.coze.cn/v1/workflow/run
  ⚠️ 未找到笔记，跳过

[3/10] 🏷️  关键词: 花盒设计
----------------------------------------
  🔍 搜索关键词: 花盒设计 (排序=2, 时间范围=2)
  [错误] 请求失败: 401 Client Error: Unauthorized for url: https://api.coze.cn/v1/workflow/run
  ⚠️ 未找到笔记，跳过

[4/10] 🏷️  关键词: 永生花礼盒
----------------------------------------
  🔍 搜索关键词: 永生花礼盒 (排序=2, 时间范围=2)
  [错误] 请求失败: 401 Client Error: Unauthorized for url: https://api.coze.cn/v1/workflow/run
  ⚠️ 未找到笔记，跳过

[5/10] 🏷️  关键词: 婚礼花艺
----------------------------------------
  🔍 搜索关键词: 婚礼花艺 (排序=2, 时间范围=2)
  [错误] 请求失败: 401 Client Error: Unauthorized for url: https://api.coze.cn/v1/workflow/run
  ⚠️ 未找到笔记，跳过

[6/10] 🏷️  关键词: 开业花篮
----------------------------------------
  🔍 搜索关键词: 开业花篮 (排序=2, 时间范围=2)
  [错误] 请求失败: 401 Client Error: Unauthorized for url: https://api.coze.cn/v1/workflow/run
  ⚠️ 未找到笔记，跳过

[7/10] 🏷️  关键词: 节日送花
----------------------------------------
  🔍 搜索关键词: 节日送花 (排序=2, 时间范围=2)
  [错误] 请求失败: 401 Client Error: Unauthorized for url: https://api.coze.cn/v1/workflow/run
  ⚠️ 未找到笔记，跳过

[8/10] 🏷️  关键词: ins风花束
----------------------------------------
  🔍 搜索关键词: ins风花束 (排序=2, 时间范围=2)
  [错误] 请求失败: 401 Client Error: Unauthorized for url: https://api.coze.cn/v1/workflow/run
  ⚠️ 未找到笔记，跳过

[9/10] 🏷️  关键词: 高级感插花
----------------------------------------
  🔍 搜索关键词: 高级感插花 (排序=2, 时间范围=2)
  [错误] 请求失败: 401 Client Error: Unauthorized for url: https://api.coze.cn/v1/workflow/run
  ⚠️ 未找到笔记，跳过

[10/10] 🏷️  关键词: 鲜花搭配教程
----------------------------------------
  🔍 搜索关键词: 鲜花搭配教程 (排序=2, 时间范围=2)
  [错误] 请求失败: 401 Client Error: Unauthorized for url: https://api.coze.cn/v1/workflow/run
  ⚠️ 未找到笔记，跳过

============================================================
✅ 采集完成！
📂 文件保存目录: /Users/pengaro/Documents/work/dsnotes/01-内容生产/爆款参考库
============================================================

[2026-05-18 16:04:11] ✅ 采集任务完成 (退出码: 0)
========================================

========================================
[2026-05-18 16:04:48] 采集任务开始
========================================
/Users/pengaro/miniforge3/lib/python3.12/site-packages/requests/__init__.py:113: RequestsDependencyWarning: urllib3 (2.6.3) or chardet (7.4.3)/charset_normalizer (3.4.2) doesn't match a supported version!
  warnings.warn(
============================================================
🌟 小红书爆款笔记采集器 启动
============================================================

📋 待采集关键词: 10 个
📅 日期: 2026-05-18
🔢 每关键词最多采集: 5 条
------------------------------------------------------------

[1/10] 🏷️  关键词: 鲜花定制
----------------------------------------
  🔍 搜索关键词: 鲜花定制 (排序=2, 时间范围=2)
  ✅ 找到 20 条笔记

  [1/5] 豆豆讲孙杨给自己的惊喜，专门定制的永生花
  📄 提取详情: https://www.xiaohongshu.com/explore/6a06a36c0000000038021b68...

  [2/5] ✨520贴钻百合 可以定制名字的哦
  📄 提取详情: https://www.xiaohongshu.com/explore/6a0412560000000035021a77...

  [3/5] 这个礼物盒也太有感觉‼️
  📄 提取详情: https://www.xiaohongshu.com/explore/6a029094000000003502feb7...

  [4/5] 最近过得好不好.
  📄 提取详情: https://www.xiaohongshu.com/explore/6a03164b000000003601a717...

  [5/5] 五彩斑斓的蓝❄️🐟🌊💦
  📄 提取详情: https://www.xiaohongshu.com/explore/6a08689e000000003502fa47...
  💾 已保存: /Users/pengaro/Documents/work/dsnotes/01-内容生产/爆款参考库/2026-05-18_鲜花定制.md

[2/10] 🏷️  关键词: 鲜花花束
----------------------------------------
  🔍 搜索关键词: 鲜花花束 (排序=2, 时间范围=2)
  ✅ 找到 20 条笔记

  [1/5] 发明这个组合的人真是个天才
  📄 提取详情: https://www.xiaohongshu.com/explore/6a01a6c6000000000702994a...

  [2/5] 无标题
  📄 提取详情: https://www.xiaohongshu.com/explore/6a05a7ec0000000035029f6c...

  [3/5] 无标题
  📄 提取详情: https://www.xiaohongshu.com/explore/6a03294e000000003700e264...

  [4/5] 夏天最权威的组合出现了
  📄 提取详情: https://www.xiaohongshu.com/explore/6a01a6390000000035021d9a...
  [错误] API 返回错误: Failed to request URL for plugin node: connection error or invalid address. Please check network connectivity and ensure the provided URL is correct and accessible.

  [5/5] 发明这个组合的人真是个天才💛🩷
  📄 提取详情: https://www.xiaohongshu.com/explore/6a05a7020000000035025df7...
  💾 已保存: /Users/pengaro/Documents/work/dsnotes/01-内容生产/爆款参考库/2026-05-18_鲜花花束.md

[3/10] 🏷️  关键词: 花盒设计
----------------------------------------
  🔍 搜索关键词: 花盒设计 (排序=2, 时间范围=2)
Traceback (most recent call last):
  File "/Users/pengaro/Documents/work/codeDevelop/ideaSpace/AI-Coding-Guidance-Skills/automation/xhs_collector/scripts/collector.py", line 361, in <module>
    main()
  File "/Users/pengaro/Documents/work/codeDevelop/ideaSpace/AI-Coding-Guidance-Skills/automation/xhs_collector/scripts/collector.py", line 281, in main
    items = search_notes(api_token, search_workflow_id, keyword, sort, time_scope)
            ^^^^^^^^^^^^^^^^^^^^^^^^^^^^^^^^^^^^^^^^^^^^^^^^^^^^^^^^^^^^^^^^^^^^^^
  File "/Users/pengaro/Documents/work/codeDevelop/ideaSpace/AI-Coding-Guidance-Skills/automation/xhs_collector/scripts/collector.py", line 101, in search_notes
    items = output.get("items", [])
            ^^^^^^^^^^
AttributeError: 'NoneType' object has no attribute 'get'

[2026-05-18 16:07:59] ❌ 采集任务异常退出 (退出码: 1)
========================================

========================================
[2026-05-18 16:22:24] 采集任务开始
========================================
/Users/pengaro/miniforge3/lib/python3.12/site-packages/requests/__init__.py:113: RequestsDependencyWarning: urllib3 (2.6.3) or chardet (7.4.3)/charset_normalizer (3.4.2) doesn't match a supported version!
  warnings.warn(
============================================================
🌟 小红书爆款笔记采集器 启动
============================================================

📋 待采集关键词: 10 个
📅 日期: 2026-05-18
🔢 每关键词最多采集: 5 条
------------------------------------------------------------

[1/10] 🏷️  关键词: 鲜花定制
----------------------------------------
  🔍 搜索关键词: 鲜花定制 (排序=2, 时间范围=2)
  ✅ 找到 0 条笔记
  ⚠️ 未找到笔记，跳过
  ⚠️ 无有效笔记数据，跳过生成

[2/10] 🏷️  关键词: 鲜花花束
----------------------------------------
  🔍 搜索关键词: 鲜花花束 (排序=2, 时间范围=2)
  ✅ 找到 0 条笔记
  ⚠️ 未找到笔记，跳过
  ⚠️ 无有效笔记数据，跳过生成

[3/10] 🏷️  关键词: 花盒设计
----------------------------------------
  🔍 搜索关键词: 花盒设计 (排序=2, 时间范围=2)
  ✅ 找到 0 条笔记
  ⚠️ 未找到笔记，跳过
  ⚠️ 无有效笔记数据，跳过生成

[4/10] 🏷️  关键词: 永生花礼盒
----------------------------------------
  🔍 搜索关键词: 永生花礼盒 (排序=2, 时间范围=2)
  ✅ 找到 0 条笔记
  ⚠️ 未找到笔记，跳过
  ⚠️ 无有效笔记数据，跳过生成

[5/10] 🏷️  关键词: 婚礼花艺
----------------------------------------
  🔍 搜索关键词: 婚礼花艺 (排序=2, 时间范围=2)
  ✅ 找到 0 条笔记
  ⚠️ 未找到笔记，跳过
  ⚠️ 无有效笔记数据，跳过生成

[6/10] 🏷️  关键词: 开业花篮
----------------------------------------
  🔍 搜索关键词: 开业花篮 (排序=2, 时间范围=2)
  ✅ 找到 0 条笔记
  ⚠️ 未找到笔记，跳过
  ⚠️ 无有效笔记数据，跳过生成

[7/10] 🏷️  关键词: 节日送花
----------------------------------------
  🔍 搜索关键词: 节日送花 (排序=2, 时间范围=2)
  ✅ 找到 0 条笔记
  ⚠️ 未找到笔记，跳过
  ⚠️ 无有效笔记数据，跳过生成

[8/10] 🏷️  关键词: ins风花束
----------------------------------------
  🔍 搜索关键词: ins风花束 (排序=2, 时间范围=2)
  ✅ 找到 0 条笔记
  ⚠️ 未找到笔记，跳过
  ⚠️ 无有效笔记数据，跳过生成

[9/10] 🏷️  关键词: 高级感插花
----------------------------------------
  🔍 搜索关键词: 高级感插花 (排序=2, 时间范围=2)
  ✅ 找到 0 条笔记
  ⚠️ 未找到笔记，跳过
  ⚠️ 无有效笔记数据，跳过生成

[10/10] 🏷️  关键词: 鲜花搭配教程
----------------------------------------
  🔍 搜索关键词: 鲜花搭配教程 (排序=2, 时间范围=2)
  ✅ 找到 0 条笔记
  ⚠️ 未找到笔记，跳过
  ⚠️ 无有效笔记数据，跳过生成

============================================================
✅ 采集完成！
📂 文件保存目录: /Users/pengaro/Documents/work/dsnotes/01-内容生产/爆款参考库
============================================================

[2026-05-18 16:23:11] ✅ 采集任务完成 (退出码: 0)
========================================

========================================
[2026-05-18 16:32:17] 采集任务开始
========================================
/Users/pengaro/miniforge3/lib/python3.12/site-packages/requests/__init__.py:113: RequestsDependencyWarning: urllib3 (2.6.3) or chardet (7.4.3)/charset_normalizer (3.4.2) doesn't match a supported version!
  warnings.warn(
============================================================
🌟 小红书爆款笔记采集器 启动
============================================================

📋 待采集关键词: 10 个
📅 日期: 2026-05-18
🔢 每关键词最多采集: 5 条
------------------------------------------------------------

[1/10] 🏷️  关键词: 鲜花定制
----------------------------------------
  🔍 搜索关键词: 鲜花定制 (排序=2, 时间范围=2)
{
  "output": null
}
  ✅ 找到 0 条笔记
  ⚠️ 未找到笔记，跳过

[2/10] 🏷️  关键词: 鲜花花束
----------------------------------------
  🔍 搜索关键词: 鲜花花束 (排序=2, 时间范围=2)
{
  "output": null
}
  ✅ 找到 0 条笔记
  ⚠️ 未找到笔记，跳过

[3/10] 🏷️  关键词: 花盒设计
----------------------------------------
  🔍 搜索关键词: 花盒设计 (排序=2, 时间范围=2)
{
  "output": null
}
  ✅ 找到 0 条笔记
  ⚠️ 未找到笔记，跳过

[4/10] 🏷️  关键词: 永生花礼盒
----------------------------------------
  🔍 搜索关键词: 永生花礼盒 (排序=2, 时间范围=2)
{
  "output": null
}
  ✅ 找到 0 条笔记
  ⚠️ 未找到笔记，跳过

[5/10] 🏷️  关键词: 婚礼花艺
----------------------------------------
  🔍 搜索关键词: 婚礼花艺 (排序=2, 时间范围=2)
{
  "output": null
}
  ✅ 找到 0 条笔记
  ⚠️ 未找到笔记，跳过

[6/10] 🏷️  关键词: 开业花篮
----------------------------------------
  🔍 搜索关键词: 开业花篮 (排序=2, 时间范围=2)
{
  "output": null
}
  ✅ 找到 0 条笔记
  ⚠️ 未找到笔记，跳过

[7/10] 🏷️  关键词: 节日送花
----------------------------------------
  🔍 搜索关键词: 节日送花 (排序=2, 时间范围=2)
{
  "output": null
}
  ✅ 找到 0 条笔记
  ⚠️ 未找到笔记，跳过

[8/10] 🏷️  关键词: ins风花束
----------------------------------------
  🔍 搜索关键词: ins风花束 (排序=2, 时间范围=2)
{
  "output": null
}
  ✅ 找到 0 条笔记
  ⚠️ 未找到笔记，跳过

[9/10] 🏷️  关键词: 高级感插花
----------------------------------------
  🔍 搜索关键词: 高级感插花 (排序=2, 时间范围=2)
{
  "output": null
}
  ✅ 找到 0 条笔记
  ⚠️ 未找到笔记，跳过

[10/10] 🏷️  关键词: 鲜花搭配教程
----------------------------------------
  🔍 搜索关键词: 鲜花搭配教程 (排序=2, 时间范围=2)
{
  "output": null
}
  ✅ 找到 0 条笔记
  ⚠️ 未找到笔记，跳过

============================================================
✅ 采集完成！
📂 文件保存目录: /Users/pengaro/Documents/work/codeDevelop/ideaSpace/AI-Coding-Guidance-Skills/automation/01-内容生产/爆款参考库
============================================================

[2026-05-18 16:32:58] ✅ 采集任务完成 (退出码: 0)
========================================

========================================
[2026-05-18 17:19:35] 采集任务开始
========================================
/Users/pengaro/miniforge3/lib/python3.12/site-packages/requests/__init__.py:113: RequestsDependencyWarning: urllib3 (2.6.3) or chardet (7.4.3)/charset_normalizer (3.4.2) doesn't match a supported version!
  warnings.warn(
============================================================
🌟 小红书爆款笔记采集器 启动
============================================================

📋 待采集关键词: 10 个
📅 日期: 2026-05-18
🔢 每关键词最多采集: 5 条
------------------------------------------------------------

[1/10] 🏷️  关键词: 鲜花定制
----------------------------------------
  🔍 搜索关键词: 鲜花定制 (排序=2, 时间范围=2)
{
  "output": null
}
  ✅ 找到 0 条笔记
  ⚠️ 未找到笔记，跳过

[2/10] 🏷️  关键词: 鲜花花束
----------------------------------------
  🔍 搜索关键词: 鲜花花束 (排序=2, 时间范围=2)
{
  "output": null
}
  ✅ 找到 0 条笔记
  ⚠️ 未找到笔记，跳过

[3/10] 🏷️  关键词: 花盒设计
----------------------------------------
  🔍 搜索关键词: 花盒设计 (排序=2, 时间范围=2)
{
  "output": null
}
  ✅ 找到 0 条笔记
  ⚠️ 未找到笔记，跳过

[4/10] 🏷️  关键词: 永生花礼盒
----------------------------------------
  🔍 搜索关键词: 永生花礼盒 (排序=2, 时间范围=2)
{
  "output": null
}
  ✅ 找到 0 条笔记
  ⚠️ 未找到笔记，跳过

[5/10] 🏷️  关键词: 婚礼花艺
----------------------------------------
  🔍 搜索关键词: 婚礼花艺 (排序=2, 时间范围=2)
{
  "output": null
}
  ✅ 找到 0 条笔记
  ⚠️ 未找到笔记，跳过

[6/10] 🏷️  关键词: 开业花篮
----------------------------------------
  🔍 搜索关键词: 开业花篮 (排序=2, 时间范围=2)
{
  "output": null
}
  ✅ 找到 0 条笔记
  ⚠️ 未找到笔记，跳过

[7/10] 🏷️  关键词: 节日送花
----------------------------------------
  🔍 搜索关键词: 节日送花 (排序=2, 时间范围=2)
{
  "output": null
}
  ✅ 找到 0 条笔记
  ⚠️ 未找到笔记，跳过

[8/10] 🏷️  关键词: ins风花束
----------------------------------------
  🔍 搜索关键词: ins风花束 (排序=2, 时间范围=2)
{
  "output": null
}
  ✅ 找到 0 条笔记
  ⚠️ 未找到笔记，跳过

[9/10] 🏷️  关键词: 高级感插花
----------------------------------------
  🔍 搜索关键词: 高级感插花 (排序=2, 时间范围=2)
{
  "output": null
}
  ✅ 找到 0 条笔记
  ⚠️ 未找到笔记，跳过

[10/10] 🏷️  关键词: 鲜花搭配教程
----------------------------------------
  🔍 搜索关键词: 鲜花搭配教程 (排序=2, 时间范围=2)
{
  "output": null
}
  ✅ 找到 0 条笔记
  ⚠️ 未找到笔记，跳过

============================================================
✅ 采集完成！
📂 文件保存目录: /Users/pengaro/Documents/work/codeDevelop/ideaSpace/AI-Coding-Guidance-Skills/automation/01-内容生产/爆款参考库
============================================================

[2026-05-18 17:20:15] ✅ 采集任务完成 (退出码: 0)
========================================

